{
  "stats": {
    "suites": 6,
    "tests": 22,
    "passes": 22,
    "pending": 0,
    "failures": 0,
    "start": "2022-01-16T10:14:15.558Z",
    "end": "2022-01-16T10:14:43.507Z",
    "duration": 27949,
    "testsRegistered": 22,
    "passPercent": 100,
    "pendingPercent": 0,
    "other": 0,
    "hasOther": false,
    "skipped": 0,
    "hasSkipped": false
  },
  "results": [
    {
      "uuid": "78ef572a-348a-4b3f-b88a-ca432f67c4ec",
      "title": "",
      "fullFile": "cypress/integration/deelAutomation.js",
      "file": "cypress/integration/deelAutomation.js",
      "beforeHooks": [],
      "afterHooks": [],
      "tests": [],
      "suites": [
        {
          "uuid": "bcc0af6d-ae96-4747-a95d-eab789a21ce5",
          "title": "User should be on the login page",
          "fullFile": "",
          "file": "",
          "beforeHooks": [],
          "afterHooks": [],
          "tests": [
            {
              "title": "Navigate to Login page",
              "fullTitle": "User should be on the login page Navigate to Login page",
              "timedOut": null,
              "duration": 4210,
              "state": "passed",
              "speed": "fast",
              "pass": true,
              "fail": false,
              "pending": false,
              "context": null,
              "code": "cy.visit('/');",
              "err": {},
              "uuid": "babea681-2a42-483a-b410-6b8c12a60062",
              "parentUUID": "bcc0af6d-ae96-4747-a95d-eab789a21ce5",
              "isHook": false,
              "skipped": false
            },
            {
              "title": "User logs in with valid credentails",
              "fullTitle": "User should be on the login page User logs in with valid credentails",
              "timedOut": null,
              "duration": 6516,
              "state": "passed",
              "speed": "medium",
              "pass": true,
              "fail": false,
              "pending": false,
              "context": null,
              "code": "cy.get('.flex-dir-col > :nth-child(1) > .input').type(Cypress.env('userName'));\ncy.get('.mt-9 > .input-container > .input').type(Cypress.env('passWord'));\ncy.get('.mt-10').click();",
              "err": {},
              "uuid": "5ea972b9-3073-4a2e-a572-0664094820f0",
              "parentUUID": "bcc0af6d-ae96-4747-a95d-eab789a21ce5",
              "isHook": false,
              "skipped": false
            }
          ],
          "suites": [],
          "passes": [
            "babea681-2a42-483a-b410-6b8c12a60062",
            "5ea972b9-3073-4a2e-a572-0664094820f0"
          ],
          "failures": [],
          "pending": [],
          "skipped": [],
          "duration": 10726,
          "root": false,
          "rootEmpty": false,
          "_timeout": 2000
        },
        {
          "uuid": "6b4b9677-e5a7-4f34-98fe-89f8e0cf9475",
          "title": "User should be in the HomePage",
          "fullFile": "",
          "file": "",
          "beforeHooks": [],
          "afterHooks": [],
          "tests": [
            {
              "title": "User should be on the expected page",
              "fullTitle": "User should be in the HomePage User should be on the expected page",
              "timedOut": null,
              "duration": 7200,
              "state": "passed",
              "speed": "medium",
              "pass": true,
              "fail": false,
              "pending": false,
              "context": null,
              "code": "cy.url().should('equal', Cypress.env('url'));",
              "err": {},
              "uuid": "29483ba1-e592-48a6-937b-4fa1098cbeb2",
              "parentUUID": "6b4b9677-e5a7-4f34-98fe-89f8e0cf9475",
              "isHook": false,
              "skipped": false
            }
          ],
          "suites": [],
          "passes": [
            "29483ba1-e592-48a6-937b-4fa1098cbeb2"
          ],
          "failures": [],
          "pending": [],
          "skipped": [],
          "duration": 7200,
          "root": false,
          "rootEmpty": false,
          "_timeout": 2000
        },
        {
          "uuid": "3d6b43a4-8541-408a-9f9f-a8d5fb20f753",
          "title": "User should be on the fixed contract page",
          "fullFile": "",
          "file": "",
          "beforeHooks": [],
          "afterHooks": [],
          "tests": [
            {
              "title": "User clicks on more options",
              "fullTitle": "User should be on the fixed contract page User clicks on more options",
              "timedOut": null,
              "duration": 405,
              "state": "passed",
              "speed": "fast",
              "pass": true,
              "fail": false,
              "pending": false,
              "context": null,
              "code": "cy.get('.mobile-header-content-container > .button').click();",
              "err": {},
              "uuid": "a74bd03d-e953-4f9a-a11a-7afa702d047a",
              "parentUUID": "3d6b43a4-8541-408a-9f9f-a8d5fb20f753",
              "isHook": false,
              "skipped": false
            },
            {
              "title": "User clicks on Create A Contract",
              "fullTitle": "User should be on the fixed contract page User clicks on Create A Contract",
              "timedOut": null,
              "duration": 1294,
              "state": "passed",
              "speed": "fast",
              "pass": true,
              "fail": false,
              "pending": false,
              "context": null,
              "code": "cy.get(':nth-child(2) > .anchor > .sidebar-link').click();",
              "err": {},
              "uuid": "00d21de2-af57-4f91-8626-7838fdc61140",
              "parentUUID": "3d6b43a4-8541-408a-9f9f-a8d5fb20f753",
              "isHook": false,
              "skipped": false
            },
            {
              "title": "User clicks on Fixed Rate",
              "fullTitle": "User should be on the fixed contract page User clicks on Fixed Rate",
              "timedOut": null,
              "duration": 673,
              "state": "passed",
              "speed": "fast",
              "pass": true,
              "fail": false,
              "pending": false,
              "context": null,
              "code": "cy.get(':nth-child(1) > .anchor > .box').click();",
              "err": {},
              "uuid": "3539edf6-e651-472a-93b0-a5db29bb941e",
              "parentUUID": "3d6b43a4-8541-408a-9f9f-a8d5fb20f753",
              "isHook": false,
              "skipped": false
            }
          ],
          "suites": [],
          "passes": [
            "a74bd03d-e953-4f9a-a11a-7afa702d047a",
            "00d21de2-af57-4f91-8626-7838fdc61140",
            "3539edf6-e651-472a-93b0-a5db29bb941e"
          ],
          "failures": [],
          "pending": [],
          "skipped": [],
          "duration": 2372,
          "root": false,
          "rootEmpty": false,
          "_timeout": 2000
        },
        {
          "uuid": "888d3fad-dbb5-4b48-afa0-725458cc914a",
          "title": "User should be in the HomePage",
          "fullFile": "",
          "file": "",
          "beforeHooks": [],
          "afterHooks": [],
          "tests": [
            {
              "title": "User should be on the expected page",
              "fullTitle": "User should be in the HomePage User should be on the expected page",
              "timedOut": null,
              "duration": 72,
              "state": "passed",
              "speed": "fast",
              "pass": true,
              "fail": false,
              "pending": false,
              "context": null,
              "code": "cy.url().should('equal', Cypress.env('fixedUrl'));",
              "err": {},
              "uuid": "e263a508-9a07-46a5-a08d-864a0b923dd5",
              "parentUUID": "888d3fad-dbb5-4b48-afa0-725458cc914a",
              "isHook": false,
              "skipped": false
            }
          ],
          "suites": [],
          "passes": [
            "e263a508-9a07-46a5-a08d-864a0b923dd5"
          ],
          "failures": [],
          "pending": [],
          "skipped": [],
          "duration": 72,
          "root": false,
          "rootEmpty": false,
          "_timeout": 2000
        },
        {
          "uuid": "05a97f22-cfbc-4f14-9542-52316e68d594",
          "title": "User fills in the blanks as expected",
          "fullFile": "",
          "file": "",
          "beforeHooks": [],
          "afterHooks": [],
          "tests": [
            {
              "title": "User enters contract name",
              "fullTitle": "User fills in the blanks as expected User enters contract name",
              "timedOut": null,
              "duration": 1109,
              "state": "passed",
              "speed": "fast",
              "pass": true,
              "fail": false,
              "pending": false,
              "context": null,
              "code": "cy.get(\"[name='name']\").type(Cypress.env('contractName'));",
              "err": {},
              "uuid": "190e7adc-5939-4656-99a9-3b7fa8d35e61",
              "parentUUID": "05a97f22-cfbc-4f14-9542-52316e68d594",
              "isHook": false,
              "skipped": false
            },
            {
              "title": "User should select tax residance",
              "fullTitle": "User fills in the blanks as expected User should select tax residance",
              "timedOut": null,
              "duration": 921,
              "state": "passed",
              "speed": "fast",
              "pass": true,
              "fail": false,
              "pending": false,
              "context": null,
              "code": "cy.get('.box > :nth-child(1) > .deel-ui__stack_vertical > .input-container > .flex > .deel-ui__select > .deel-ui__select__input-container > .deel-ui__select__control').type(Cypress.env('contry'));\ncy.get('#react-select-2-option-1-2').click();",
              "err": {},
              "uuid": "0dc62773-b73b-4534-87e8-d675de2bdaf2",
              "parentUUID": "05a97f22-cfbc-4f14-9542-52316e68d594",
              "isHook": false,
              "skipped": false
            },
            {
              "title": "User should select state",
              "fullTitle": "User fills in the blanks as expected User should select state",
              "timedOut": null,
              "duration": 453,
              "state": "passed",
              "speed": "fast",
              "pass": true,
              "fail": false,
              "pending": false,
              "context": null,
              "code": "cy.get(':nth-child(2) > .deel-ui__select__input-container > .deel-ui__select__control').type(Cypress.env('state'));\ncy.get(\"div[id*='react-select-4']\").each(($e1, index, $list) => {\n  if ($e1.text() == Cypress.env('state')) {\n    $e1.click();\n  }\n});",
              "err": {},
              "uuid": "ca43e6bb-abbd-456d-95d5-4a38e037f110",
              "parentUUID": "05a97f22-cfbc-4f14-9542-52316e68d594",
              "isHook": false,
              "skipped": false
            },
            {
              "title": "User enters job title",
              "fullTitle": "User fills in the blanks as expected User enters job title",
              "timedOut": null,
              "duration": 719,
              "state": "passed",
              "speed": "fast",
              "pass": true,
              "fail": false,
              "pending": false,
              "context": null,
              "code": "cy.get(\"[name='jobTitle']\").type(Cypress.env('jobTitle'));\ncy.get(\"p.suggestions-option\").each(($e1, index, $list) => {\n  if ($e1.text() == Cypress.env('jobTitle')) {\n    $e1.click();\n  }\n});",
              "err": {},
              "uuid": "ddc8db04-bbf1-4214-a0cf-1c3e01dd9ea1",
              "parentUUID": "05a97f22-cfbc-4f14-9542-52316e68d594",
              "isHook": false,
              "skipped": false
            },
            {
              "title": "User enters scope",
              "fullTitle": "User fills in the blanks as expected User enters scope",
              "timedOut": null,
              "duration": 306,
              "state": "passed",
              "speed": "fast",
              "pass": true,
              "fail": false,
              "pending": false,
              "context": null,
              "code": "cy.get('.deel-ui__textarea-component__textarea').type(Cypress.env('scope'));",
              "err": {},
              "uuid": "a30b6d07-5b3b-4018-b277-73f877e01530",
              "parentUUID": "05a97f22-cfbc-4f14-9542-52316e68d594",
              "isHook": false,
              "skipped": false
            },
            {
              "title": "User clicks on Next button",
              "fullTitle": "User fills in the blanks as expected User clicks on Next button",
              "timedOut": null,
              "duration": 251,
              "state": "passed",
              "speed": "fast",
              "pass": true,
              "fail": false,
              "pending": false,
              "context": null,
              "code": "cy.get('.justify-content-end > .button').click();",
              "err": {},
              "uuid": "e7438814-9d51-46d2-aea5-0cf8dbcf6ad7",
              "parentUUID": "05a97f22-cfbc-4f14-9542-52316e68d594",
              "isHook": false,
              "skipped": false
            },
            {
              "title": "User selects currency",
              "fullTitle": "User fills in the blanks as expected User selects currency",
              "timedOut": null,
              "duration": 678,
              "state": "passed",
              "speed": "fast",
              "pass": true,
              "fail": false,
              "pending": false,
              "context": null,
              "code": "cy.get('.deel-ui__stack > .deel-ui__select > .deel-ui__select__input-container > .deel-ui__select__control').type(Cypress.env('currency'));\ncy.get(\"div[id*='react-select-5']\").each(($e1, index, $list) => {\n  if ($e1.text() == Cypress.env('currency')) {\n    $e1.click();\n  }\n});",
              "err": {},
              "uuid": "457dc2b3-0c74-4074-af96-0400ad24ce3b",
              "parentUUID": "05a97f22-cfbc-4f14-9542-52316e68d594",
              "isHook": false,
              "skipped": false
            },
            {
              "title": "User writes payment rate",
              "fullTitle": "User fills in the blanks as expected User writes payment rate",
              "timedOut": null,
              "duration": 295,
              "state": "passed",
              "speed": "fast",
              "pass": true,
              "fail": false,
              "pending": false,
              "context": null,
              "code": "cy.get('.deel-ui__input-component__input').type(Cypress.env('pay'));",
              "err": {},
              "uuid": "f0576597-dbe1-44eb-ab19-e97c027ca3bb",
              "parentUUID": "05a97f22-cfbc-4f14-9542-52316e68d594",
              "isHook": false,
              "skipped": false
            },
            {
              "title": "User selects payment frequency",
              "fullTitle": "User fills in the blanks as expected User selects payment frequency",
              "timedOut": null,
              "duration": 198,
              "state": "passed",
              "speed": "fast",
              "pass": true,
              "fail": false,
              "pending": false,
              "context": null,
              "code": "cy.get(':nth-child(2) > .flex > .deel-ui__select > .deel-ui__select__input-container > .deel-ui__select__control').click();\ncy.get(\"div[id*='react-select-6']\").each(($e1, index, $list) => {\n  if ($e1.text() == Cypress.env('freq')) {\n    $e1.click();\n  }\n});",
              "err": {},
              "uuid": "c2a1b5e0-affb-4a4c-a698-c8e4a1b700a4",
              "parentUUID": "05a97f22-cfbc-4f14-9542-52316e68d594",
              "isHook": false,
              "skipped": false
            },
            {
              "title": "User clicks on Next button",
              "fullTitle": "User fills in the blanks as expected User clicks on Next button",
              "timedOut": null,
              "duration": 166,
              "state": "passed",
              "speed": "fast",
              "pass": true,
              "fail": false,
              "pending": false,
              "context": null,
              "code": "cy.get('.contract-creation-footer > .mt-9').click();",
              "err": {},
              "uuid": "5682ec95-bd17-4228-b4de-3133ef689be6",
              "parentUUID": "05a97f22-cfbc-4f14-9542-52316e68d594",
              "isHook": false,
              "skipped": false
            },
            {
              "title": "User clicks on Next button",
              "fullTitle": "User fills in the blanks as expected User clicks on Next button",
              "timedOut": null,
              "duration": 157,
              "state": "passed",
              "speed": "fast",
              "pass": true,
              "fail": false,
              "pending": false,
              "context": null,
              "code": "cy.get('.submit-define-dates').click();",
              "err": {},
              "uuid": "57214849-86b5-4479-83d7-4ce9c3de3c5f",
              "parentUUID": "05a97f22-cfbc-4f14-9542-52316e68d594",
              "isHook": false,
              "skipped": false
            },
            {
              "title": "User adds special clause",
              "fullTitle": "User fills in the blanks as expected User adds special clause",
              "timedOut": null,
              "duration": 419,
              "state": "passed",
              "speed": "fast",
              "pass": true,
              "fail": false,
              "pending": false,
              "context": null,
              "code": "cy.get(':nth-child(4) > .box > .flex > :nth-child(2) > .button').click();\ncy.get('.textarea').type(Cypress.env('clause'));",
              "err": {},
              "uuid": "ea867a03-2ded-44dd-ab31-67474e66f3b8",
              "parentUUID": "05a97f22-cfbc-4f14-9542-52316e68d594",
              "isHook": false,
              "skipped": false
            },
            {
              "title": "User clicks on Next button",
              "fullTitle": "User fills in the blanks as expected User clicks on Next button",
              "timedOut": null,
              "duration": 149,
              "state": "passed",
              "speed": "fast",
              "pass": true,
              "fail": false,
              "pending": false,
              "context": null,
              "code": "cy.get('.contract-creation-footer > .mt-7').click();",
              "err": {},
              "uuid": "c2a524a5-3670-4766-8a15-ffc353310489",
              "parentUUID": "05a97f22-cfbc-4f14-9542-52316e68d594",
              "isHook": false,
              "skipped": false
            },
            {
              "title": "User clicks on Create Contract button",
              "fullTitle": "User fills in the blanks as expected User clicks on Create Contract button",
              "timedOut": null,
              "duration": 138,
              "state": "passed",
              "speed": "fast",
              "pass": true,
              "fail": false,
              "pending": false,
              "context": null,
              "code": "cy.get('.contract-creation-footer > .mt-7').click();",
              "err": {},
              "uuid": "1f595e7b-0f78-4b3b-8738-bf755925e8e6",
              "parentUUID": "05a97f22-cfbc-4f14-9542-52316e68d594",
              "isHook": false,
              "skipped": false
            }
          ],
          "suites": [],
          "passes": [
            "190e7adc-5939-4656-99a9-3b7fa8d35e61",
            "0dc62773-b73b-4534-87e8-d675de2bdaf2",
            "ca43e6bb-abbd-456d-95d5-4a38e037f110",
            "ddc8db04-bbf1-4214-a0cf-1c3e01dd9ea1",
            "a30b6d07-5b3b-4018-b277-73f877e01530",
            "e7438814-9d51-46d2-aea5-0cf8dbcf6ad7",
            "457dc2b3-0c74-4074-af96-0400ad24ce3b",
            "f0576597-dbe1-44eb-ab19-e97c027ca3bb",
            "c2a1b5e0-affb-4a4c-a698-c8e4a1b700a4",
            "5682ec95-bd17-4228-b4de-3133ef689be6",
            "57214849-86b5-4479-83d7-4ce9c3de3c5f",
            "ea867a03-2ded-44dd-ab31-67474e66f3b8",
            "c2a524a5-3670-4766-8a15-ffc353310489",
            "1f595e7b-0f78-4b3b-8738-bf755925e8e6"
          ],
          "failures": [],
          "pending": [],
          "skipped": [],
          "duration": 5959,
          "root": false,
          "rootEmpty": false,
          "_timeout": 2000
        },
        {
          "uuid": "a415f86a-7cb2-4101-a05e-371832698b54",
          "title": "User should be in the Final Page",
          "fullFile": "",
          "file": "",
          "beforeHooks": [],
          "afterHooks": [],
          "tests": [
            {
              "title": "User should be on the expected page",
              "fullTitle": "User should be in the Final Page User should be on the expected page",
              "timedOut": null,
              "duration": 395,
              "state": "passed",
              "speed": "fast",
              "pass": true,
              "fail": false,
              "pending": false,
              "context": null,
              "code": "cy.url().should('include', Cypress.env('finalPage'));",
              "err": {},
              "uuid": "7b664d72-463c-4fcb-8a92-ad59a2d2dc1b",
              "parentUUID": "a415f86a-7cb2-4101-a05e-371832698b54",
              "isHook": false,
              "skipped": false
            }
          ],
          "suites": [],
          "passes": [
            "7b664d72-463c-4fcb-8a92-ad59a2d2dc1b"
          ],
          "failures": [],
          "pending": [],
          "skipped": [],
          "duration": 395,
          "root": false,
          "rootEmpty": false,
          "_timeout": 2000
        }
      ],
      "passes": [],
      "failures": [],
      "pending": [],
      "skipped": [],
      "duration": 0,
      "root": true,
      "rootEmpty": true,
      "_timeout": 2000
    }
  ],
  "meta": {
    "mocha": {
      "version": "7.0.1"
    },
    "mochawesome": {
      "options": {
        "quiet": false,
        "reportFilename": "report",
        "saveHtml": true,
        "saveJson": true,
        "consoleReporter": "spec",
        "useInlineDiffs": false,
        "code": true
      },
      "version": "7.0.1"
    },
    "marge": {
      "options": {
        "reporDir": "cypress/reports",
        "reportFilename": "report",
        "overwrite": true,
        "html": true,
        "json": true,
        "charts": true
      },
      "version": "6.0.1"
    }
  }
}